# JRE version: OpenJDK Runtime Environment (11.0.8+10) (build 11.0.8+10-b944.6842174)
# Java VM: OpenJDK 64-Bit Server VM (11.0.8+10-b944.6842174, mixed mode, tiered, compressed oops, g1 gc, windows-amd64)
Heap:
 garbage-first heap   total 304128K, used 214057K [0x0000000080000000, 0x0000000100000000)
  region size 1024K, 115 young (117760K), 11 survivors (11264K)
 Metaspace       used 110590K, capacity 113196K, committed 113276K, reserved 1148928K
  class space    used 13609K, capacity 14552K, committed 14592K, reserved 1048576K
GC Heap History (20 events):
Event: 95.013 GC heap before
{Heap before GC invocations=55 (full 0):
 garbage-first heap   total 165888K, used 116560K [0x0000000080000000, 0x0000000100000000)
  region size 1024K, 8 young (8192K), 4 survivors (4096K)
 Metaspace       used 87977K, capacity 90179K, committed 90492K, reserved 1128448K
  class space    used 10920K, capacity 11659K, committed 11776K, reserved 1048576K
}
Event: 95.043 GC heap after
{Heap after GC invocations=56 (full 0):
 garbage-first heap   total 165888K, used 111566K [0x0000000080000000, 0x0000000100000000)
  region size 1024K, 1 young (1024K), 1 survivors (1024K)
 Metaspace       used 87977K, capacity 90179K, committed 90492K, reserved 1128448K
  class space    used 10920K, capacity 11659K, committed 11776K, reserved 1048576K
}
Event: 96.135 GC heap before
{Heap before GC invocations=56 (full 0):
 garbage-first heap   total 165888K, used 134094K [0x0000000080000000, 0x0000000100000000)
  region size 1024K, 24 young (24576K), 1 survivors (1024K)
 Metaspace       used 90095K, capacity 92259K, committed 92412K, reserved 1130496K
  class space    used 11099K, capacity 11819K, committed 11904K, reserved 1048576K
}
Event: 96.164 GC heap after
{Heap after GC invocations=57 (full 0):
 garbage-first heap   total 165888K, used 115036K [0x0000000080000000, 0x0000000100000000)
  region size 1024K, 3 young (3072K), 3 survivors (3072K)
 Metaspace       used 90095K, capacity 92259K, committed 92412K, reserved 1130496K
  class space    used 11099K, capacity 11819K, committed 11904K, reserved 1048576K
}
Event: 97.213 GC heap before
{Heap before GC invocations=58 (full 0):
 garbage-first heap   total 165888K, used 117084K [0x0000000080000000, 0x0000000100000000)
  region size 1024K, 24 young (24576K), 3 survivors (3072K)
 Metaspace       used 90494K, capacity 92739K, committed 92924K, reserved 1130496K
  class space    used 11122K, capacity 11851K, committed 11904K, reserved 1048576K
}
Event: 97.234 GC heap after
{Heap after GC invocations=59 (full 0):
 garbage-first heap   total 165888K, used 99328K [0x0000000080000000, 0x0000000100000000)
  region size 1024K, 3 young (3072K), 3 survivors (3072K)
 Metaspace       used 90494K, capacity 92739K, committed 92924K, reserved 1130496K
  class space    used 11122K, capacity 11851K, committed 11904K, reserved 1048576K
}
Event: 97.395 GC heap before
{Heap before GC invocations=59 (full 0):
 garbage-first heap   total 165888K, used 104448K [0x0000000080000000, 0x0000000100000000)
  region size 1024K, 8 young (8192K), 3 survivors (3072K)
 Metaspace       used 90500K, capacity 92739K, committed 92924K, reserved 1130496K
  class space    used 11122K, capacity 11851K, committed 11904K, reserved 1048576K
}
Event: 97.430 GC heap after
{Heap after GC invocations=60 (full 0):
 garbage-first heap   total 165888K, used 89368K [0x0000000080000000, 0x0000000100000000)
  region size 1024K, 1 young (1024K), 1 survivors (1024K)
 Metaspace       used 90500K, capacity 92739K, committed 92924K, reserved 1130496K
  class space    used 11122K, capacity 11851K, committed 11904K, reserved 1048576K
}
Event: 98.070 GC heap before
{Heap before GC invocations=60 (full 0):
 garbage-first heap   total 165888K, used 119064K [0x0000000080000000, 0x0000000100000000)
  region size 1024K, 30 young (30720K), 1 survivors (1024K)
 Metaspace       used 90535K, capacity 92739K, committed 92924K, reserved 1130496K
  class space    used 11122K, capacity 11851K, committed 11904K, reserved 1048576K
}
Event: 98.084 GC heap after
{Heap after GC invocations=61 (full 0):
 garbage-first heap   total 204800K, used 89407K [0x0000000080000000, 0x0000000100000000)
  region size 1024K, 1 young (1024K), 1 survivors (1024K)
 Metaspace       used 90535K, capacity 92739K, committed 92924K, reserved 1130496K
  class space    used 11122K, capacity 11851K, committed 11904K, reserved 1048576K
}
Event: 103.703 GC heap before
{Heap before GC invocations=62 (full 0):
 garbage-first heap   total 304128K, used 279871K [0x0000000080000000, 0x0000000100000000)
  region size 1024K, 47 young (48128K), 1 survivors (1024K)
 Metaspace       used 91224K, capacity 93449K, committed 93564K, reserved 1130496K
  class space    used 11181K, capacity 11930K, committed 12032K, reserved 1048576K
}
Event: 103.757 GC heap after
{Heap after GC invocations=63 (full 0):
 garbage-first heap   total 304128K, used 88096K [0x0000000080000000, 0x0000000100000000)
  region size 1024K, 3 young (3072K), 3 survivors (3072K)
 Metaspace       used 91224K, capacity 93449K, committed 93564K, reserved 1130496K
  class space    used 11181K, capacity 11930K, committed 12032K, reserved 1048576K
}
Event: 104.193 GC heap before
{Heap before GC invocations=63 (full 0):
 garbage-first heap   total 304128K, used 98336K [0x0000000080000000, 0x0000000100000000)
  region size 1024K, 14 young (14336K), 3 survivors (3072K)
 Metaspace       used 91227K, capacity 93449K, committed 93564K, reserved 1130496K
  class space    used 11181K, capacity 11930K, committed 12032K, reserved 1048576K
}
Event: 104.203 GC heap after
{Heap after GC invocations=64 (full 0):
 garbage-first heap   total 304128K, used 88808K [0x0000000080000000, 0x0000000100000000)
  region size 1024K, 1 young (1024K), 1 survivors (1024K)
 Metaspace       used 91227K, capacity 93449K, committed 93564K, reserved 1130496K
  class space    used 11181K, capacity 11930K, committed 12032K, reserved 1048576K
}
Event: 108.427 GC heap before
{Heap before GC invocations=64 (full 0):
 garbage-first heap   total 304128K, used 180968K [0x0000000080000000, 0x0000000100000000)
  region size 1024K, 91 young (93184K), 1 survivors (1024K)
 Metaspace       used 95317K, capacity 97517K, committed 97532K, reserved 1134592K
  class space    used 11682K, capacity 12406K, committed 12416K, reserved 1048576K
}
Event: 108.454 GC heap after
{Heap after GC invocations=65 (full 0):
 garbage-first heap   total 304128K, used 94176K [0x0000000080000000, 0x0000000100000000)
  region size 1024K, 6 young (6144K), 6 survivors (6144K)
 Metaspace       used 95317K, capacity 97517K, committed 97532K, reserved 1134592K
  class space    used 11682K, capacity 12406K, committed 12416K, reserved 1048576K
}
Event: 117.211 GC heap before
{Heap before GC invocations=65 (full 0):
 garbage-first heap   total 304128K, used 195552K [0x0000000080000000, 0x0000000100000000)
  region size 1024K, 106 young (108544K), 6 survivors (6144K)
 Metaspace       used 96489K, capacity 98713K, committed 99068K, reserved 1136640K
  class space    used 11790K, capacity 12548K, committed 12672K, reserved 1048576K
}
Event: 117.266 GC heap after
{Heap after GC invocations=66 (full 0):
 garbage-first heap   total 304128K, used 100343K [0x0000000080000000, 0x0000000100000000)
  region size 1024K, 12 young (12288K), 12 survivors (12288K)
 Metaspace       used 96489K, capacity 98713K, committed 99068K, reserved 1136640K
  class space    used 11790K, capacity 12548K, committed 12672K, reserved 1048576K
}
Event: 153.351 GC heap before
{Heap before GC invocations=66 (full 0):
 garbage-first heap   total 304128K, used 208887K [0x0000000080000000, 0x0000000100000000)
  region size 1024K, 119 young (121856K), 12 survivors (12288K)
 Metaspace       used 102161K, capacity 104562K, committed 104700K, reserved 1140736K
  class space    used 12549K, capacity 13365K, committed 13440K, reserved 1048576K
}
Event: 153.402 GC heap after
{Heap after GC invocations=67 (full 0):
 garbage-first heap   total 304128K, used 104489K [0x0000000080000000, 0x0000000100000000)
  region size 1024K, 11 young (11264K), 11 survivors (11264K)
 Metaspace       used 102161K, capacity 104562K, committed 104700K, reserved 1140736K
  class space    used 12549K, capacity 13365K, committed 13440K, reserved 1048576K
}

